This is pdfTeX, Version 3.1415926-2.4-1.40.13 (TeX Live 2012) (format=pdflatex 2012.9.18)  17 JUL 2013 12:02
entering extended mode
 restricted \write18 enabled.
 %&-line parsing enabled.
**informe.tex
(./informe.tex
LaTeX2e <2011/06/27>
Babel <v3.8m> and hyphenation patterns for english, dumylang, nohyphenation, ba
sque, catalan, ukenglish, usenglishmax, french, galician, spanish, loaded.
(/usr/local/texlive/2012/texmf-dist/tex/latex/base/article.cls
Document Class: article 2007/10/19 v1.4h Standard LaTeX document class
(/usr/local/texlive/2012/texmf-dist/tex/latex/base/size12.clo
File: size12.clo 2007/10/19 v1.4h Standard LaTeX file (size option)
)
\c@part=\count79
\c@section=\count80
\c@subsection=\count81
\c@subsubsection=\count82
\c@paragraph=\count83
\c@subparagraph=\count84
\c@figure=\count85
\c@table=\count86
\abovecaptionskip=\skip41
\belowcaptionskip=\skip42
\bibindent=\dimen102
)
(/usr/local/texlive/2012/texmf-dist/tex/generic/babel/babel.sty
Package: babel 2008/07/08 v3.8m The Babel package

(/usr/local/texlive/2012/texmf-dist/tex/generic/babel/spanish.ldf
Language: spanish.ldf 2011/10/06 v5.0k Spanish support from the babel system

(/usr/local/texlive/2012/texmf-dist/tex/generic/babel/babel.def
File: babel.def 2008/07/08 v3.8m Babel common definitions
\babel@savecnt=\count87
\U@D=\dimen103
)
\es@datefmt=\count88
\es@quottoks=\toks14
\es@quotdepth=\count89
Package babel Info: Making " an active character on input line 496.
Package babel Info: Making . an active character on input line 599.
Package babel Info: Making < an active character on input line 644.
Package babel Info: Making > an active character on input line 644.
))
(/usr/local/texlive/2012/texmf-dist/tex/latex/amsmath/amsmath.sty
Package: amsmath 2000/07/18 v2.13 AMS math features
\@mathmargin=\skip43

For additional information on amsmath, use the `?' option.
(/usr/local/texlive/2012/texmf-dist/tex/latex/amsmath/amstext.sty
Package: amstext 2000/06/29 v2.01

(/usr/local/texlive/2012/texmf-dist/tex/latex/amsmath/amsgen.sty
File: amsgen.sty 1999/11/30 v2.0
\@emptytoks=\toks15
\ex@=\dimen104
))
(/usr/local/texlive/2012/texmf-dist/tex/latex/amsmath/amsbsy.sty
Package: amsbsy 1999/11/29 v1.2d
\pmbraise@=\dimen105
)
(/usr/local/texlive/2012/texmf-dist/tex/latex/amsmath/amsopn.sty
Package: amsopn 1999/12/14 v2.01 operator names
)
\inf@bad=\count90
LaTeX Info: Redefining \frac on input line 211.
\uproot@=\count91
\leftroot@=\count92
LaTeX Info: Redefining \overline on input line 307.
\classnum@=\count93
\DOTSCASE@=\count94
LaTeX Info: Redefining \ldots on input line 379.
LaTeX Info: Redefining \dots on input line 382.
LaTeX Info: Redefining \cdots on input line 467.
\Mathstrutbox@=\box26
\strutbox@=\box27
\big@size=\dimen106
LaTeX Font Info:    Redeclaring font encoding OML on input line 567.
LaTeX Font Info:    Redeclaring font encoding OMS on input line 568.
\macc@depth=\count95
\c@MaxMatrixCols=\count96
\dotsspace@=\muskip10
\c@parentequation=\count97
\dspbrk@lvl=\count98
\tag@help=\toks16
\row@=\count99
\column@=\count100
\maxfields@=\count101
\andhelp@=\toks17
\eqnshift@=\dimen107
\alignsep@=\dimen108
\tagshift@=\dimen109
\tagwidth@=\dimen110
\totwidth@=\dimen111
\lineht@=\dimen112
\@envbody=\toks18
\multlinegap=\skip44
\multlinetaggap=\skip45
\mathdisplay@stack=\toks19
LaTeX Info: Redefining \[ on input line 2666.
LaTeX Info: Redefining \] on input line 2667.
)
(/usr/local/texlive/2012/texmf-dist/tex/latex/amsfonts/amssymb.sty
Package: amssymb 2009/06/22 v3.00

(/usr/local/texlive/2012/texmf-dist/tex/latex/amsfonts/amsfonts.sty
Package: amsfonts 2009/06/22 v3.00 Basic AMSFonts support
\symAMSa=\mathgroup4
\symAMSb=\mathgroup5
LaTeX Font Info:    Overwriting math alphabet `\mathfrak' in version `bold'
(Font)                  U/euf/m/n --> U/euf/b/n on input line 96.
))
(/usr/local/texlive/2012/texmf-dist/tex/latex/amscls/amsthm.sty
Package: amsthm 2009/07/02 v2.20.1
\thm@style=\toks20
\thm@bodyfont=\toks21
\thm@headfont=\toks22
\thm@notefont=\toks23
\thm@headpunct=\toks24
\thm@preskip=\skip46
\thm@postskip=\skip47
\thm@headsep=\skip48
\dth@everypar=\toks25
)
(/usr/local/texlive/2012/texmf-dist/tex/latex/graphics/color.sty
Package: color 2005/11/14 v1.0j Standard LaTeX Color (DPC)

(/usr/local/texlive/2012/texmf-dist/tex/latex/latexconfig/color.cfg
File: color.cfg 2007/01/18 v1.5 color configuration of teTeX/TeXLive
)
Package color Info: Driver file: pdftex.def on input line 130.

(/usr/local/texlive/2012/texmf-dist/tex/latex/pdftex-def/pdftex.def
File: pdftex.def 2011/05/27 v0.06d Graphics/color for pdfTeX

(/usr/local/texlive/2012/texmf-dist/tex/generic/oberdiek/infwarerr.sty
Package: infwarerr 2010/04/08 v1.3 Providing info/warning/error messages (HO)
)
(/usr/local/texlive/2012/texmf-dist/tex/generic/oberdiek/ltxcmds.sty
Package: ltxcmds 2011/11/09 v1.22 LaTeX kernel commands for general use (HO)
)
\Gread@gobject=\count102
))
(/usr/local/texlive/2012/texmf-dist/tex/latex/hyperref/hyperref.sty
Package: hyperref 2012/08/21 v6.83c Hypertext links for LaTeX

(/usr/local/texlive/2012/texmf-dist/tex/generic/oberdiek/hobsub-hyperref.sty
Package: hobsub-hyperref 2012/05/28 v1.13 Bundle oberdiek, subset hyperref (HO)


(/usr/local/texlive/2012/texmf-dist/tex/generic/oberdiek/hobsub-generic.sty
Package: hobsub-generic 2012/05/28 v1.13 Bundle oberdiek, subset generic (HO)
Package: hobsub 2012/05/28 v1.13 Construct package bundles (HO)
Package hobsub Info: Skipping package `infwarerr' (already loaded).
Package hobsub Info: Skipping package `ltxcmds' (already loaded).
Package: ifluatex 2010/03/01 v1.3 Provides the ifluatex switch (HO)
Package ifluatex Info: LuaTeX not detected.
Package: ifvtex 2010/03/01 v1.5 Detect VTeX and its facilities (HO)
Package ifvtex Info: VTeX not detected.
Package: intcalc 2007/09/27 v1.1 Expandable calculations with integers (HO)
Package: ifpdf 2011/01/30 v2.3 Provides the ifpdf switch (HO)
Package ifpdf Info: pdfTeX in PDF mode is detected.
Package: etexcmds 2011/02/16 v1.5 Avoid name clashes with e-TeX commands (HO)
Package etexcmds Info: Could not find \expanded.
(etexcmds)             That can mean that you are not using pdfTeX 1.50 or
(etexcmds)             that some package has redefined \expanded.
(etexcmds)             In the latter case, load this package earlier.
Package: kvsetkeys 2012/04/25 v1.16 Key value parser (HO)
Package: kvdefinekeys 2011/04/07 v1.3 Define keys (HO)
Package: pdftexcmds 2011/11/29 v0.20 Utility functions of pdfTeX for LuaTeX (HO
)
Package pdftexcmds Info: LuaTeX not detected.
Package pdftexcmds Info: \pdf@primitive is available.
Package pdftexcmds Info: \pdf@ifprimitive is available.
Package pdftexcmds Info: \pdfdraftmode found.
Package: pdfescape 2011/11/25 v1.13 Implements pdfTeX's escape features (HO)
Package: bigintcalc 2012/04/08 v1.3 Expandable calculations on big integers (HO
)
Package: bitset 2011/01/30 v1.1 Handle bit-vector datatype (HO)
Package: uniquecounter 2011/01/30 v1.2 Provide unlimited unique counter (HO)
)
Package hobsub Info: Skipping package `hobsub' (already loaded).
Package: letltxmacro 2010/09/02 v1.4 Let assignment for LaTeX macros (HO)
Package: hopatch 2012/05/28 v1.2 Wrapper for package hooks (HO)
Package: xcolor-patch 2011/01/30 xcolor patch
Package: atveryend 2011/06/30 v1.8 Hooks at the very end of document (HO)
Package atveryend Info: \enddocument detected (standard20110627).
Package: atbegshi 2011/10/05 v1.16 At begin shipout hook (HO)
Package: refcount 2011/10/16 v3.4 Data extraction from label references (HO)
Package: hycolor 2011/01/30 v1.7 Color options for hyperref/bookmark (HO)
)
(/usr/local/texlive/2012/texmf-dist/tex/latex/graphics/keyval.sty
Package: keyval 1999/03/16 v1.13 key=value parser (DPC)
\KV@toks@=\toks26
)
(/usr/local/texlive/2012/texmf-dist/tex/generic/ifxetex/ifxetex.sty
Package: ifxetex 2010/09/12 v0.6 Provides ifxetex conditional
)
(/usr/local/texlive/2012/texmf-dist/tex/latex/oberdiek/auxhook.sty
Package: auxhook 2011/03/04 v1.3 Hooks for auxiliary files (HO)
)
(/usr/local/texlive/2012/texmf-dist/tex/latex/oberdiek/kvoptions.sty
Package: kvoptions 2011/06/30 v3.11 Key value format for package options (HO)
)
\@linkdim=\dimen113
\Hy@linkcounter=\count103
\Hy@pagecounter=\count104

(/usr/local/texlive/2012/texmf-dist/tex/latex/hyperref/pd1enc.def
File: pd1enc.def 2012/08/21 v6.83c Hyperref: PDFDocEncoding definition (HO)
)
\Hy@SavedSpaceFactor=\count105

(/usr/local/texlive/2012/texmf-dist/tex/latex/latexconfig/hyperref.cfg
File: hyperref.cfg 2002/06/06 v1.2 hyperref configuration of TeXLive
)
Package hyperref Info: Hyper figures OFF on input line 4263.
Package hyperref Info: Link nesting OFF on input line 4268.
Package hyperref Info: Hyper index ON on input line 4271.
Package hyperref Info: Plain pages OFF on input line 4278.
Package hyperref Info: Backreferencing OFF on input line 4283.
Package hyperref Info: Implicit mode ON; LaTeX internals redefined.
Package hyperref Info: Bookmarks ON on input line 4501.
\c@Hy@tempcnt=\count106

(/usr/local/texlive/2012/texmf-dist/tex/latex/url/url.sty
\Urlmuskip=\muskip11
Package: url 2006/04/12  ver 3.3  Verb mode for urls, etc.
)
LaTeX Info: Redefining \url on input line 4854.
\XeTeXLinkMargin=\dimen114
\Fld@menulength=\count107
\Field@Width=\dimen115
\Fld@charsize=\dimen116
Package hyperref Info: Hyper figures OFF on input line 6094.
Package hyperref Info: Link nesting OFF on input line 6099.
Package hyperref Info: Hyper index ON on input line 6102.
Package hyperref Info: backreferencing OFF on input line 6109.
Package hyperref Info: Link coloring OFF on input line 6114.
Package hyperref Info: Link coloring with OCG OFF on input line 6119.
Package hyperref Info: PDF/A mode OFF on input line 6124.
LaTeX Info: Redefining \ref on input line 6164.
LaTeX Info: Redefining \pageref on input line 6168.
\Hy@abspage=\count108
\c@Item=\count109
\c@Hfootnote=\count110
)

Package hyperref Message: Driver (autodetected): hpdftex.

(/usr/local/texlive/2012/texmf-dist/tex/latex/hyperref/hpdftex.def
File: hpdftex.def 2012/08/21 v6.83c Hyperref driver for pdfTeX
\Fld@listcount=\count111
\c@bookmark@seq@number=\count112

(/usr/local/texlive/2012/texmf-dist/tex/latex/oberdiek/rerunfilecheck.sty
Package: rerunfilecheck 2011/04/15 v1.7 Rerun checks for auxiliary files (HO)
Package uniquecounter Info: New unique counter `rerunfilecheck' on input line 2
82.
)
\Hy@SectionHShift=\skip49
)
(/usr/local/texlive/2012/texmf-dist/tex/latex/base/makeidx.sty
Package: makeidx 2000/03/29 v1.0m Standard LaTeX package
)
(/usr/local/texlive/2012/texmf-dist/tex/latex/float/float.sty
Package: float 2001/11/08 v1.3d Float enhancements (AL)
\c@float@type=\count113
\float@exts=\toks27
\float@box=\box28
\@float@everytoks=\toks28
\@floatcapt=\box29
)
(/usr/local/texlive/2012/texmf-dist/tex/latex/geometry/geometry.sty
Package: geometry 2010/09/12 v5.6 Page Geometry
\Gm@cnth=\count114
\Gm@cntv=\count115
\c@Gm@tempcnt=\count116
\Gm@bindingoffset=\dimen117
\Gm@wd@mp=\dimen118
\Gm@odd@mp=\dimen119
\Gm@even@mp=\dimen120
\Gm@layoutwidth=\dimen121
\Gm@layoutheight=\dimen122
\Gm@layouthoffset=\dimen123
\Gm@layoutvoffset=\dimen124
\Gm@dimlist=\toks29
)
(./caratula.sty
Package: caratula 2005/08/09 v0.3 Para componer caratulas de TPs del DC

(/usr/local/texlive/2012/texmf-dist/tex/latex/graphics/graphicx.sty
Package: graphicx 1999/02/16 v1.0f Enhanced LaTeX Graphics (DPC,SPQR)

(/usr/local/texlive/2012/texmf-dist/tex/latex/graphics/graphics.sty
Package: graphics 2009/02/05 v1.0o Standard LaTeX Graphics (DPC,SPQR)

(/usr/local/texlive/2012/texmf-dist/tex/latex/graphics/trig.sty
Package: trig 1999/03/16 v1.09 sin cos tan (DPC)
)
(/usr/local/texlive/2012/texmf-dist/tex/latex/latexconfig/graphics.cfg
File: graphics.cfg 2010/04/23 v1.9 graphics configuration of TeX Live
)
Package graphics Info: Driver file: pdftex.def on input line 91.
)
\Gin@req@height=\dimen125
\Gin@req@width=\dimen126
)
Cargando package 'caratula' v0.3 (2005/08/09)
\intlist=\toks30
\kwlist=\toks31
\resument=\toks32
) (/usr/local/texlive/2012/texmf-dist/tex/latex/pdfpages/pdfpages.sty
Package: pdfpages 2012/08/31 v0.4t Insert pages of external PDF documents (AM)

(/usr/local/texlive/2012/texmf-dist/tex/latex/base/ifthen.sty
Package: ifthen 2001/05/26 v1.1c Standard LaTeX ifthen package (DPC)
)
(/usr/local/texlive/2012/texmf-dist/tex/latex/tools/calc.sty
Package: calc 2007/08/22 v4.3 Infix arithmetic (KKT,FJ)
\calc@Acount=\count117
\calc@Bcount=\count118
\calc@Adimen=\dimen127
\calc@Bdimen=\dimen128
\calc@Askip=\skip50
\calc@Bskip=\skip51
LaTeX Info: Redefining \setlength on input line 76.
LaTeX Info: Redefining \addtolength on input line 77.
\calc@Ccount=\count119
\calc@Cskip=\skip52
)
(/usr/local/texlive/2012/texmf-dist/tex/latex/eso-pic/eso-pic.sty
Package: eso-pic 2010/10/06 v2.0c eso-pic (RN)
)
(/usr/local/texlive/2012/texmf-dist/tex/latex/pdfpages/pppdftex.def
File: pppdftex.def 2012/08/31 v0.4t Pdfpages driver for pdfTeX (AM)
)
\AM@pagebox=\box30
\AM@toc@title=\toks33
\c@AM@survey=\count120
\AM@templatesizebox=\box31
)
(/usr/local/texlive/2012/texmf-dist/tex/latex/listings/listings.sty
\lst@mode=\count121
\lst@gtempboxa=\box32
\lst@token=\toks34
\lst@length=\count122
\lst@currlwidth=\dimen129
\lst@column=\count123
\lst@pos=\count124
\lst@lostspace=\dimen130
\lst@width=\dimen131
\lst@newlines=\count125
\lst@lineno=\count126
\lst@maxwidth=\dimen132

(/usr/local/texlive/2012/texmf-dist/tex/latex/listings/lstmisc.sty
File: lstmisc.sty 2007/02/22 1.4 (Carsten Heinz)
\c@lstnumber=\count127
\lst@skipnumbers=\count128
\lst@framebox=\box33
)
(/usr/local/texlive/2012/texmf-dist/tex/latex/listings/listings.cfg
File: listings.cfg 2007/02/22 1.4 listings configuration
))
Package: listings 2007/02/22 1.4 (Carsten Heinz)

(/usr/local/texlive/2012/texmf-dist/tex/latex/base/textcomp.sty
Package: textcomp 2005/09/27 v1.99g Standard LaTeX package
Package textcomp Info: Sub-encoding information:
(textcomp)               5 = only ISO-Adobe without \textcurrency
(textcomp)               4 = 5 + \texteuro
(textcomp)               3 = 4 + \textohm
(textcomp)               2 = 3 + \textestimated + \textcurrency
(textcomp)               1 = TS1 - \textcircled - \t
(textcomp)               0 = TS1 (full)
(textcomp)             Font families with sub-encoding setting implement
(textcomp)             only a restricted character set as indicated.
(textcomp)             Family '?' is the default used for unknown fonts.
(textcomp)             See the documentation for details.
Package textcomp Info: Setting ? sub-encoding to TS1/1 on input line 71.

(/usr/local/texlive/2012/texmf-dist/tex/latex/base/ts1enc.def
File: ts1enc.def 2001/06/05 v3.0e (jk/car/fm) Standard LaTeX file
)
LaTeX Info: Redefining \oldstylenums on input line 266.
Package textcomp Info: Setting cmr sub-encoding to TS1/0 on input line 281.
Package textcomp Info: Setting cmss sub-encoding to TS1/0 on input line 282.
Package textcomp Info: Setting cmtt sub-encoding to TS1/0 on input line 283.
Package textcomp Info: Setting cmvtt sub-encoding to TS1/0 on input line 284.
Package textcomp Info: Setting cmbr sub-encoding to TS1/0 on input line 285.
Package textcomp Info: Setting cmtl sub-encoding to TS1/0 on input line 286.
Package textcomp Info: Setting ccr sub-encoding to TS1/0 on input line 287.
Package textcomp Info: Setting ptm sub-encoding to TS1/4 on input line 288.
Package textcomp Info: Setting pcr sub-encoding to TS1/4 on input line 289.
Package textcomp Info: Setting phv sub-encoding to TS1/4 on input line 290.
Package textcomp Info: Setting ppl sub-encoding to TS1/3 on input line 291.
Package textcomp Info: Setting pag sub-encoding to TS1/4 on input line 292.
Package textcomp Info: Setting pbk sub-encoding to TS1/4 on input line 293.
Package textcomp Info: Setting pnc sub-encoding to TS1/4 on input line 294.
Package textcomp Info: Setting pzc sub-encoding to TS1/4 on input line 295.
Package textcomp Info: Setting bch sub-encoding to TS1/4 on input line 296.
Package textcomp Info: Setting put sub-encoding to TS1/5 on input line 297.
Package textcomp Info: Setting uag sub-encoding to TS1/5 on input line 298.
Package textcomp Info: Setting ugq sub-encoding to TS1/5 on input line 299.
Package textcomp Info: Setting ul8 sub-encoding to TS1/4 on input line 300.
Package textcomp Info: Setting ul9 sub-encoding to TS1/4 on input line 301.
Package textcomp Info: Setting augie sub-encoding to TS1/5 on input line 302.
Package textcomp Info: Setting dayrom sub-encoding to TS1/3 on input line 303.
Package textcomp Info: Setting dayroms sub-encoding to TS1/3 on input line 304.

Package textcomp Info: Setting pxr sub-encoding to TS1/0 on input line 305.
Package textcomp Info: Setting pxss sub-encoding to TS1/0 on input line 306.
Package textcomp Info: Setting pxtt sub-encoding to TS1/0 on input line 307.
Package textcomp Info: Setting txr sub-encoding to TS1/0 on input line 308.
Package textcomp Info: Setting txss sub-encoding to TS1/0 on input line 309.
Package textcomp Info: Setting txtt sub-encoding to TS1/0 on input line 310.
Package textcomp Info: Setting lmr sub-encoding to TS1/0 on input line 311.
Package textcomp Info: Setting lmdh sub-encoding to TS1/0 on input line 312.
Package textcomp Info: Setting lmss sub-encoding to TS1/0 on input line 313.
Package textcomp Info: Setting lmssq sub-encoding to TS1/0 on input line 314.
Package textcomp Info: Setting lmvtt sub-encoding to TS1/0 on input line 315.
Package textcomp Info: Setting qhv sub-encoding to TS1/0 on input line 316.
Package textcomp Info: Setting qag sub-encoding to TS1/0 on input line 317.
Package textcomp Info: Setting qbk sub-encoding to TS1/0 on input line 318.
Package textcomp Info: Setting qcr sub-encoding to TS1/0 on input line 319.
Package textcomp Info: Setting qcs sub-encoding to TS1/0 on input line 320.
Package textcomp Info: Setting qpl sub-encoding to TS1/0 on input line 321.
Package textcomp Info: Setting qtm sub-encoding to TS1/0 on input line 322.
Package textcomp Info: Setting qzc sub-encoding to TS1/0 on input line 323.
Package textcomp Info: Setting qhvc sub-encoding to TS1/0 on input line 324.
Package textcomp Info: Setting futs sub-encoding to TS1/4 on input line 325.
Package textcomp Info: Setting futx sub-encoding to TS1/4 on input line 326.
Package textcomp Info: Setting futj sub-encoding to TS1/4 on input line 327.
Package textcomp Info: Setting hlh sub-encoding to TS1/3 on input line 328.
Package textcomp Info: Setting hls sub-encoding to TS1/3 on input line 329.
Package textcomp Info: Setting hlst sub-encoding to TS1/3 on input line 330.
Package textcomp Info: Setting hlct sub-encoding to TS1/5 on input line 331.
Package textcomp Info: Setting hlx sub-encoding to TS1/5 on input line 332.
Package textcomp Info: Setting hlce sub-encoding to TS1/5 on input line 333.
Package textcomp Info: Setting hlcn sub-encoding to TS1/5 on input line 334.
Package textcomp Info: Setting hlcw sub-encoding to TS1/5 on input line 335.
Package textcomp Info: Setting hlcf sub-encoding to TS1/5 on input line 336.
Package textcomp Info: Setting pplx sub-encoding to TS1/3 on input line 337.
Package textcomp Info: Setting pplj sub-encoding to TS1/3 on input line 338.
Package textcomp Info: Setting ptmx sub-encoding to TS1/4 on input line 339.
Package textcomp Info: Setting ptmj sub-encoding to TS1/4 on input line 340.
)
(/usr/local/texlive/2012/texmf-dist/tex/latex/a4wide/a4wide.sty
Package: a4wide 1994/08/30

(/usr/local/texlive/2012/texmf-dist/tex/latex/ntgclass/a4.sty
Package: a4 2004/04/15 v1.2g A4 based page layout
))
(/usr/local/texlive/2012/texmf-dist/tex/latex/listings/lstlang1.sty
File: lstlang1.sty 2004/09/05 1.3 listings language file
)
(/usr/local/texlive/2012/texmf-dist/tex/latex/listings/lstlang1.sty
File: lstlang1.sty 2004/09/05 1.3 listings language file
)
(/usr/local/texlive/2012/texmf-dist/tex/latex/listings/lstmisc.sty
File: lstmisc.sty 2007/02/22 1.4 (Carsten Heinz)
)
\@indexfile=\write3
\openout3 = `informe.idx'.


Writing index file informe.idx
(./informe.aux
LaTeX Info: Redefining \. on input line 22.
LaTeX Info: Redefining \% on input line 22.


LaTeX Warning: Label `fig:HR10Neig' multiply defined.

)
\openout1 = `informe.aux'.

LaTeX Font Info:    Checking defaults for OML/cmm/m/it on input line 36.
LaTeX Font Info:    ... okay on input line 36.
LaTeX Font Info:    Checking defaults for T1/cmr/m/n on input line 36.
LaTeX Font Info:    ... okay on input line 36.
LaTeX Font Info:    Checking defaults for OT1/cmr/m/n on input line 36.
LaTeX Font Info:    ... okay on input line 36.
LaTeX Font Info:    Checking defaults for OMS/cmsy/m/n on input line 36.
LaTeX Font Info:    ... okay on input line 36.
LaTeX Font Info:    Checking defaults for OMX/cmex/m/n on input line 36.
LaTeX Font Info:    ... okay on input line 36.
LaTeX Font Info:    Checking defaults for U/cmr/m/n on input line 36.
LaTeX Font Info:    ... okay on input line 36.
LaTeX Font Info:    Checking defaults for PD1/pdf/m/n on input line 36.
LaTeX Font Info:    ... okay on input line 36.
LaTeX Font Info:    Checking defaults for TS1/cmr/m/n on input line 36.
LaTeX Font Info:    Try loading font information for TS1+cmr on input line 36.
 (/usr/local/texlive/2012/texmf-dist/tex/latex/base/ts1cmr.fd
File: ts1cmr.fd 1999/05/25 v2.5h Standard LaTeX font definitions
)
LaTeX Font Info:    ... okay on input line 36.
LaTeX Info: Redefining \. on input line 36.
LaTeX Info: Redefining \% on input line 36.

(/usr/local/texlive/2012/texmf-dist/tex/context/base/supp-pdf.mkii
[Loading MPS to PDF converter (version 2006.09.02).]
\scratchcounter=\count129
\scratchdimen=\dimen133
\scratchbox=\box34
\nofMPsegments=\count130
\nofMParguments=\count131
\everyMPshowfont=\toks35
\MPscratchCnt=\count132
\MPscratchDim=\dimen134
\MPnumerator=\count133
\makeMPintoPDFobject=\count134
\everyMPtoPDFconversion=\toks36
)
\AtBeginShipoutBox=\box35
Package hyperref Info: Link coloring OFF on input line 36.
 (/usr/local/texlive/2012/texmf-dist/tex/latex/hyperref/nameref.sty
Package: nameref 2012/07/31 v2.42 Cross-referencing by name of section

(/usr/local/texlive/2012/texmf-dist/tex/generic/oberdiek/gettitlestring.sty
Package: gettitlestring 2010/12/03 v1.4 Cleanup title references (HO)
)
\c@section@level=\count135
)
LaTeX Info: Redefining \ref on input line 36.
LaTeX Info: Redefining \pageref on input line 36.
LaTeX Info: Redefining \nameref on input line 36.

(./informe.out) (./informe.out)
\@outlinefile=\write4
\openout4 = `informe.out'.


*geometry* driver: auto-detecting
*geometry* detected driver: pdftex
*geometry* verbose mode - [ preamble ] result:
* driver: pdftex
* paper: a4paper
* layout: <same size as paper>
* layoutoffset:(h,v)=(0.0pt,0.0pt)
* modes: 
* h-part:(L,W,R)=(72.26999pt, 452.9679pt, 72.26999pt)
* v-part:(T,H,B)=(72.26999pt, 700.50687pt, 72.26999pt)
* \paperwidth=597.50787pt
* \paperheight=845.04684pt
* \textwidth=460.72124pt
* \textheight=621.0pt
* \oddsidemargin=0.0pt
* \evensidemargin=0.0pt
* \topmargin=0.0pt
* \headheight=12.0pt
* \headsep=25.0pt
* \topskip=12.0pt
* \footskip=30.0pt
* \marginparwidth=54.2025pt
* \marginparsep=10.0pt
* \columnsep=10.0pt
* \skip\footins=10.8pt plus 4.0pt minus 2.0pt
* \hoffset=0.0pt
* \voffset=0.0pt
* \mag=1000
* \@twocolumnfalse
* \@twosidefalse
* \@mparswitchfalse
* \@reversemarginfalse
* (1in=72.27pt=25.4mm, 1cm=28.453pt)

(/usr/local/texlive/2012/texmf-dist/tex/latex/oberdiek/epstopdf-base.sty
Package: epstopdf-base 2010/02/09 v2.5 Base part for package epstopdf

(/usr/local/texlive/2012/texmf-dist/tex/latex/oberdiek/grfext.sty
Package: grfext 2010/08/19 v1.1 Manage graphics extensions (HO)
)
Package grfext Info: Graphics extension search list:
(grfext)             [.png,.pdf,.jpg,.mps,.jpeg,.jbig2,.jb2,.PNG,.PDF,.JPG,.JPE
G,.JBIG2,.JB2,.eps]
(grfext)             \AppendGraphicsExtensions on input line 452.

(/usr/local/texlive/2012/texmf-dist/tex/latex/latexconfig/epstopdf-sys.cfg
File: epstopdf-sys.cfg 2010/07/13 v1.3 Configuration of (r)epstopdf for TeX Liv
e
))
\c@lstlisting=\count136

<logo_dc.jpg, id=128, 215.6055pt x 83.5923pt>
File: logo_dc.jpg Graphic file (type jpg)
 <use logo_dc.jpg>
Package pdftex.def Info: logo_dc.jpg used on input line 52.
(pdftex.def)             Requested size: 215.60497pt x 83.59207pt.
LaTeX Font Info:    Try loading font information for U+msa on input line 52.

(/usr/local/texlive/2012/texmf-dist/tex/latex/amsfonts/umsa.fd
File: umsa.fd 2009/06/22 v3.00 AMS symbols A
)
LaTeX Font Info:    Try loading font information for U+msb on input line 52.

(/usr/local/texlive/2012/texmf-dist/tex/latex/amsfonts/umsb.fd
File: umsb.fd 2009/06/22 v3.00 AMS symbols B
)
<logo_uba.jpg, id=129, 225.4824pt x 231.7458pt>
File: logo_uba.jpg Graphic file (type jpg)
 <use logo_uba.jpg>
Package pdftex.def Info: logo_uba.jpg used on input line 52.
(pdftex.def)             Requested size: 180.0pt x 185.0079pt.

Underfull \hbox (badness 10000) in paragraph at lines 52--52

 []

[1

{/usr/local/texlive/2012/texmf-var/fonts/map/pdftex/updmap/pdftex.map} <./logo_
dc.jpg> <./logo_uba.jpg>] (./informe.toc
LaTeX Info: Redefining \. on input line 1.
LaTeX Info: Redefining \% on input line 1.
)
\tf@toc=\write5
\openout5 = `informe.toc'.

 [2] (./introduccion.tex
Underfull \hbox (badness 10000) in paragraph at lines 27--29

 []

[3]
Underfull \hbox (badness 10000) in paragraph at lines 79--84

 []

) [4] (./desarrollo.tex
Underfull \hbox (badness 10000) in paragraph at lines 47--52

 []

[5] [6]) [7] (./resultados.tex <plots/SUM.png, id=209, 578.16pt x 433.62pt>
File: plots/SUM.png Graphic file (type png)

<use plots/SUM.png>
Package pdftex.def Info: plots/SUM.png used on input line 15.
(pdftex.def)             Requested size: 500.0pt x 374.99675pt.

Overfull \hbox (39.27876pt too wide) in paragraph at lines 15--16
 [] 
 []

<plots/PROM.png, id=210, 578.16pt x 433.62pt>
File: plots/PROM.png Graphic file (type png)
 <use plots/PROM.png>
Package pdftex.def Info: plots/PROM.png used on input line 24.
(pdftex.def)             Requested size: 500.0pt x 374.99675pt.

Overfull \hbox (39.27876pt too wide) in paragraph at lines 24--25
 [] 
 []

[8pdfTeX warning (ext4): destination with the same identifier (name{figure.1}) 
has been already used, duplicate ignored

\AtBegShi@Output ...ipout \box \AtBeginShipoutBox 
                                                  \fi \fi 
l.30 
      <./plots/SUM.png (PNG copy)>] [9pdfTeX warning (ext4): destination with t
he same identifier (name{figure.2}) has been already used, duplicate ignored

\AtBegShi@Output ...ipout \box \AtBeginShipoutBox 
                                                  \fi \fi 
l.49 
      <./plots/PROM.png (PNG copy)>]
<plots/HR_N2.png, id=221, 578.16pt x 433.62pt>
File: plots/HR_N2.png Graphic file (type png)
 <use plots/HR_N2.png>
Package pdftex.def Info: plots/HR_N2.png used on input line 52.
(pdftex.def)             Requested size: 500.0pt x 374.99675pt.

Overfull \hbox (39.27876pt too wide) in paragraph at lines 52--53
 [] 
 []

<plots/HR_VEC.png, id=222, 578.16pt x 433.62pt>
File: plots/HR_VEC.png Graphic file (type png)
 <use plots/HR_VEC.png>
Package pdftex.def Info: plots/HR_VEC.png used on input line 61.
(pdftex.def)             Requested size: 500.0pt x 374.99675pt.

Overfull \hbox (39.27876pt too wide) in paragraph at lines 61--62
 [] 
 []

[10pdfTeX warning (ext4): destination with the same identifier (name{figure.3})
 has been already used, duplicate ignored

\AtBegShi@Output ...ipout \box \AtBeginShipoutBox 
                                                  \fi \fi 
l.67 
      <./plots/HR_N2.png (PNG copy)>]
<plots/HR_10_1.png, id=228, 578.16pt x 433.62pt>
File: plots/HR_10_1.png Graphic file (type png)
 <use plots/HR_10_1.png>
Package pdftex.def Info: plots/HR_10_1.png used on input line 78.
(pdftex.def)             Requested size: 500.0pt x 374.99675pt.

Overfull \hbox (39.27876pt too wide) in paragraph at lines 78--79
 [] 
 []

[11pdfTeX warning (ext4): destination with the same identifier (name{figure.4})
 has been already used, duplicate ignored

\AtBegShi@Output ...ipout \box \AtBeginShipoutBox 
                                                  \fi \fi 
l.84 
      <./plots/HR_VEC.png (PNG copy)>]
<plots/HR_100_1.png, id=234, 578.16pt x 433.62pt>
File: plots/HR_100_1.png Graphic file (type png)
 <use plots/HR_100_1.png>
Package pdftex.def Info: plots/HR_100_1.png used on input line 88.
(pdftex.def)             Requested size: 500.0pt x 374.99675pt.

Overfull \hbox (39.27876pt too wide) in paragraph at lines 88--89
 [] 
 []

[12pdfTeX warning (ext4): destination with the same identifier (name{figure.5})
 has been already used, duplicate ignored

\AtBegShi@Output ...ipout \box \AtBeginShipoutBox 
                                                  \fi \fi 
l.94 
      <./plots/HR_10_1.png (PNG copy)>]
<plots/HR_10_0.png, id=240, 578.16pt x 433.62pt>
File: plots/HR_10_0.png Graphic file (type png)
 <use plots/HR_10_0.png>
Package pdftex.def Info: plots/HR_10_0.png used on input line 98.
(pdftex.def)             Requested size: 500.0pt x 374.99675pt.

Overfull \hbox (39.27876pt too wide) in paragraph at lines 98--99
 [] 
 []

[13pdfTeX warning (ext4): destination with the same identifier (name{figure.6})
 has been already used, duplicate ignored

\AtBegShi@Output ...ipout \box \AtBeginShipoutBox 
                                                  \fi \fi 
l.104 
       <./plots/HR_100_1.png (PNG copy)>]
<plots/HR_100_0.png, id=247, 578.16pt x 433.62pt>
File: plots/HR_100_0.png Graphic file (type png)
 <use plots/HR_100_0.png>
Package pdftex.def Info: plots/HR_100_0.png used on input line 108.
(pdftex.def)             Requested size: 500.0pt x 374.99675pt.

Overfull \hbox (39.27876pt too wide) in paragraph at lines 108--109
 [] 
 []

[14pdfTeX warning (ext4): destination with the same identifier (name{figure.7})
 has been already used, duplicate ignored

\AtBegShi@Output ...ipout \box \AtBeginShipoutBox 
                                                  \fi \fi 
l.114 
       <./plots/HR_10_0.png (PNG copy)>]
<plots/pordig-30kcv-norma2.png, id=253, 567.95718pt x 413.21436pt>
File: plots/pordig-30kcv-norma2.png Graphic file (type png)

<use plots/pordig-30kcv-norma2.png>
Package pdftex.def Info: plots/pordig-30kcv-norma2.png used on input line 132.
(pdftex.def)             Requested size: 500.0pt x 363.78107pt.

Overfull \hbox (39.27876pt too wide) in paragraph at lines 132--133
 [] 
 []

[15pdfTeX warning (ext4): destination with the same identifier (name{figure.8})
 has been already used, duplicate ignored

\AtBegShi@Output ...ipout \box \AtBeginShipoutBox 
                                                  \fi \fi 
l.138 
       <./plots/HR_100_0.png (PNG copy)>]
<plots/pordig-30kcv-top100.png, id=259, 567.95718pt x 413.21436pt>
File: plots/pordig-30kcv-top100.png Graphic file (type png)

<use plots/pordig-30kcv-top100.png>
Package pdftex.def Info: plots/pordig-30kcv-top100.png used on input line 141.
(pdftex.def)             Requested size: 500.0pt x 363.78107pt.

Overfull \hbox (39.27876pt too wide) in paragraph at lines 141--142
 [] 
 []

[16pdfTeX warning (ext4): destination with the same identifier (name{figure.9})
 has been already used, duplicate ignored

\AtBegShi@Output ...ipout \box \AtBeginShipoutBox 
                                                  \fi \fi 
l.147 
       <./plots/pordig-30kcv-norma2.png (PNG copy)>]
<plots/heatmap-30kcv-k5-norma_2.png, id=265, 578.16pt x 433.62pt>
File: plots/heatmap-30kcv-k5-norma_2.png Graphic file (type png)

<use plots/heatmap-30kcv-k5-norma_2.png>
Package pdftex.def Info: plots/heatmap-30kcv-k5-norma_2.png used on input line 
156.
(pdftex.def)             Requested size: 500.0pt x 374.99675pt.

Overfull \hbox (39.27876pt too wide) in paragraph at lines 156--158
[][]
 []

[17pdfTeX warning (ext4): destination with the same identifier (name{figure.10}
) has been already used, duplicate ignored

\AtBegShi@Output ...ipout \box \AtBeginShipoutBox 
                                                  \fi \fi 
l.161 
       <./plots/pordig-30kcv-top100.png (PNG copy)>]
<plots/heatmap-30kcv-k10-norma_2.png, id=271, 578.16pt x 433.62pt>
File: plots/heatmap-30kcv-k10-norma_2.png Graphic file (type png)

<use plots/heatmap-30kcv-k10-norma_2.png>
Package pdftex.def Info: plots/heatmap-30kcv-k10-norma_2.png used on input line
 163.
(pdftex.def)             Requested size: 500.0pt x 374.99675pt.

Overfull \hbox (39.27876pt too wide) in paragraph at lines 163--165
[][]
 []

[18pdfTeX warning (ext4): destination with the same identifier (name{figure.11}
) has been already used, duplicate ignored

\AtBegShi@Output ...ipout \box \AtBeginShipoutBox 
                                                  \fi \fi 
l.168 
       <./plots/heatmap-30kcv-k5-norma_2.png (PNG copy)>]
<plots/heatmap-30kcv-k25-norma_2.png, id=277, 578.16pt x 433.62pt>
File: plots/heatmap-30kcv-k25-norma_2.png Graphic file (type png)

<use plots/heatmap-30kcv-k25-norma_2.png>
Package pdftex.def Info: plots/heatmap-30kcv-k25-norma_2.png used on input line
 170.
(pdftex.def)             Requested size: 500.0pt x 374.99675pt.

Overfull \hbox (39.27876pt too wide) in paragraph at lines 170--172
[][]
 []

[19pdfTeX warning (ext4): destination with the same identifier (name{figure.12}
) has been already used, duplicate ignored

\AtBegShi@Output ...ipout \box \AtBeginShipoutBox 
                                                  \fi \fi 
l.175 
       <./plots/heatmap-30kcv-k10-norma_2.png (PNG copy)>]
<plots/heatmap-30kcv-k50-norma_2.png, id=284, 578.16pt x 433.62pt>
File: plots/heatmap-30kcv-k50-norma_2.png Graphic file (type png)

<use plots/heatmap-30kcv-k50-norma_2.png>
Package pdftex.def Info: plots/heatmap-30kcv-k50-norma_2.png used on input line
 177.
(pdftex.def)             Requested size: 500.0pt x 374.99675pt.

Overfull \hbox (39.27876pt too wide) in paragraph at lines 177--179
[][]
 []

[20pdfTeX warning (ext4): destination with the same identifier (name{figure.13}
) has been already used, duplicate ignored

\AtBegShi@Output ...ipout \box \AtBeginShipoutBox 
                                                  \fi \fi 
l.182 
       <./plots/heatmap-30kcv-k25-norma_2.png (PNG copy)>]
<plots/heatmap-30kcv-k100-norma_2.png, id=290, 578.16pt x 433.62pt>
File: plots/heatmap-30kcv-k100-norma_2.png Graphic file (type png)

<use plots/heatmap-30kcv-k100-norma_2.png>
Package pdftex.def Info: plots/heatmap-30kcv-k100-norma_2.png used on input lin
e 184.
(pdftex.def)             Requested size: 500.0pt x 374.99675pt.

Overfull \hbox (39.27876pt too wide) in paragraph at lines 184--186
[][]
 []

) [21pdfTeX warning (ext4): destination with the same identifier (name{figure.1
4}) has been already used, duplicate ignored

\AtBegShi@Output ...ipout \box \AtBeginShipoutBox 
                                                  \fi \fi 
l.73 
      <./plots/heatmap-30kcv-k50-norma_2.png (PNG copy)>] [22pdfTeX warning (ex
t4): destination with the same identifier (name{figure.15}) has been already us
ed, duplicate ignored

\AtBegShi@Output ...ipout \box \AtBeginShipoutBox 
                                                  \fi \fi 
l.75 
      <./plots/heatmap-30kcv-k100-norma_2.png (PNG copy)>] (./discusion.tex
[23]

Package hyperref Warning: Composite letter `\textacute+t'
(hyperref)                not defined in PD1 encoding,
(hyperref)                removing `\textacute' on input line 56.

[24]

LaTeX Warning: Reference `fig:HR30kcv' on page 25 undefined on input line 116.

) [25] (./conclusiones.tex [26]) [27] (./referencias.tex

LaTeX Warning: Citation `Burden' undefined on input line 4.


LaTeX Warning: Citation `MN' undefined on input line 6.


LaTeX Warning: Citation `Turk91' undefined on input line 8.


LaTeX Warning: Citation `Sirovich87' undefined on input line 9.

) [28] (./apendices.tex
LaTeX Font Info:    Try loading font information for OML+cmss on input line 3.
LaTeX Font Info:    No file OMLcmss.fd. on input line 3.


LaTeX Font Warning: Font shape `OML/cmss/m/n' undefined
(Font)              using `OML/cmm/m/it' instead
(Font)              for symbol `textless' on input line 3.


LaTeX Font Warning: Font shape `OT1/cmss/m/it' in size <10.95> not available
(Font)              Font shape `OT1/cmss/m/sl' tried instead on input line 13.

LaTeX Font Info:    Try loading font information for OMS+cmss on input line 15.

LaTeX Font Info:    No file OMScmss.fd. on input line 15.

LaTeX Font Warning: Font shape `OMS/cmss/m/n' undefined
(Font)              using `OMS/cmsy/m/n' instead
(Font)              for symbol `textbraceleft' on input line 15.

LaTeX Font Info:    Try loading font information for TS1+cmss on input line 21.

(/usr/local/texlive/2012/texmf-dist/tex/latex/base/ts1cmss.fd
File: ts1cmss.fd 1999/05/25 v2.5h Standard LaTeX font definitions
)
Overfull \hbox (55.59068pt too wide) in paragraph at lines 36--37
[][][][][][][][][][][][][][][][][][][][][][][][][][][][][][][][][][][][][][][][
][][][] 
 []

[29]
Overfull \hbox (162.96965pt too wide) in paragraph at lines 80--81
[][][][][][][][][][][][][][][][][][][][][][][][][][][][][][][][][][][][][][][][
][][][][][][][][][][][][][][] 
 []

[30]
Overfull \hbox (67.72389pt too wide) in paragraph at lines 113--114
[][][][][][][][][][][][][][][][][][][][][][][][][][][][][][][][][][][][][][][][
][][][] 
 []


Overfull \hbox (19.11417pt too wide) in paragraph at lines 129--130
[][][][][][][][][][][][][][][][][][][][][][][][][][][][][][][][][][][][][][][][
][][][][][][][][][][] 
 []

[31] [32] [33]
Overfull \hbox (27.3263pt too wide) in paragraph at lines 230--231
[][][][][][][][][][][][][][][][][][][][][][][][][][][][][][][][][][][] 
 []


Overfull \hbox (147.24498pt too wide) in paragraph at lines 238--239
[][][][][][][][][][][][][][][][][][][][][][][][][][][][][][][][][][][][][][][][
][][][][][][] 
 []


LaTeX Font Warning: Font shape `OMS/cmss/m/it' undefined
(Font)              using `OMS/cmss/m/n' instead
(Font)              for symbol `textbar' on input line 266.

[34]
Overfull \hbox (42.82156pt too wide) in paragraph at lines 289--290
[][][][][][][][][][][][][][][][][][][][][][][][][][][][][][][][][][][][][][] 
 []


Overfull \hbox (19.96353pt too wide) in paragraph at lines 290--291
[][][][][][][][][][][][][][][][][][][][][][][][][][][][][][][][][][][][][][][][
][][][][][] 
 []


Overfull \hbox (64.5514pt too wide) in paragraph at lines 292--293
[][][][][][][][][][][][][][][][][][][][][][][][][][][][][][][][][][][][][][][][
][][][][][][][] 
 []


Overfull \hbox (125.87682pt too wide) in paragraph at lines 303--305
[][][][][][][][][][][][][][][][][][][][][][][][][][][][][][][][][][][][][][][][
][][][][][][][][][][][][] 
 []


Overfull \hbox (91.46646pt too wide) in paragraph at lines 311--314
[][][][][][][][][][][][][][][][][][][][][][][][][][][][][][][][][][][][][][][] 

 []

[35] [36] [37]
Overfull \hbox (38.33733pt too wide) in paragraph at lines 423--424
[][][][][][][][][][][][][][][][][][][][][][][][][][][][][][][][] 
 []


Overfull \hbox (91.99219pt too wide) in paragraph at lines 433--434
[][][][][][][][][][][][][][][][][][][][][][][][][][][][][][][][][][][][][][][][
][][][] 
 []


Overfull \hbox (101.2388pt too wide) in paragraph at lines 436--438
[][][][][][][][][][][][][][][][][][][][][][][][][][][][][][][][][][][][][][] 
 []


Overfull \hbox (71.24788pt too wide) in paragraph at lines 441--442
[][][][][][][][][][][][][][][][][][][][][][][][][][][][][][][][][][][][][] 
 []


Overfull \hbox (29.85066pt too wide) in paragraph at lines 449--450
[][][][][][][][][][][][][][][][][][][][][][][][][][][][][][][][][] 
 []

[38]
Overfull \hbox (189.78195pt too wide) in paragraph at lines 463--464
[][][][][][][][][][][][][][][][][][][][][][][][][][][][][][][][][][][][][][][][
][][][][][] 
 []

[39]
Overfull \hbox (56.5363pt too wide) in paragraph at lines 502--503
[][][][][][][][][][][][][][][][][][][][][][][][][][][][][][][][][][][][][][][][
][][][][][][] 
 []

) [40] (./tp3-enunciado.tex [41])
Package atveryend Info: Empty hook `BeforeClearDocument' on input line 97.
 [42]
Package atveryend Info: Empty hook `AfterLastShipout' on input line 97.
 (./informe.aux
LaTeX Info: Redefining \. on input line 22.
LaTeX Info: Redefining \% on input line 22.
)
Package atveryend Info: Executing hook `AtVeryEndDocument' on input line 97.
Package atveryend Info: Executing hook `AtEndAfterFileList' on input line 97.
Package rerunfilecheck Info: File `informe.out' has not changed.
(rerunfilecheck)             Checksum: 5898B5C75A124AAF58CBDA0FDCE4E1E7;2366.


LaTeX Font Warning: Some font shapes were not available, defaults substituted.


LaTeX Warning: There were undefined references.


LaTeX Warning: There were multiply-defined labels.

Package atveryend Info: Empty hook `AtVeryVeryEnd' on input line 97.
 ) 
Here is how much of TeX's memory you used:
 10732 strings out of 494937
 155265 string characters out of 3177700
 285255 words of memory out of 3000000
 13123 multiletter control sequences out of 15000+200000
 20674 words of font info for 76 fonts, out of 3000000 for 9000
 62 hyphenation exceptions out of 8191
 33i,8n,58p,649b,1815s stack positions out of 5000i,500n,10000p,200000b,50000s
{/usr/local/texlive/2012/texmf-dist/fonts/enc/dvips/cm-super/cm-super-ts1.enc
}</usr/local/texlive/2012/texmf-dist/fonts/type1/public/amsfonts/cm/cmbx12.pfb>
</usr/local/texlive/2012/texmf-dist/fonts/type1/public/amsfonts/cm/cmcsc10.pfb>
</usr/local/texlive/2012/texmf-dist/fonts/type1/public/amsfonts/cm/cmex10.pfb><
/usr/local/texlive/2012/texmf-dist/fonts/type1/public/amsfonts/cm/cmmi10.pfb></
usr/local/texlive/2012/texmf-dist/fonts/type1/public/amsfonts/cm/cmmi12.pfb></u
sr/local/texlive/2012/texmf-dist/fonts/type1/public/amsfonts/cm/cmmi6.pfb></usr
/local/texlive/2012/texmf-dist/fonts/type1/public/amsfonts/cm/cmmi8.pfb></usr/l
ocal/texlive/2012/texmf-dist/fonts/type1/public/amsfonts/cm/cmr12.pfb></usr/loc
al/texlive/2012/texmf-dist/fonts/type1/public/amsfonts/cm/cmr7.pfb></usr/local/
texlive/2012/texmf-dist/fonts/type1/public/amsfonts/cm/cmr8.pfb></usr/local/tex
live/2012/texmf-dist/fonts/type1/public/amsfonts/cm/cmsl12.pfb></usr/local/texl
ive/2012/texmf-dist/fonts/type1/public/amsfonts/cm/cmss10.pfb></usr/local/texli
ve/2012/texmf-dist/fonts/type1/public/amsfonts/cm/cmss12.pfb></usr/local/texliv
e/2012/texmf-dist/fonts/type1/public/amsfonts/cm/cmssbx10.pfb></usr/local/texli
ve/2012/texmf-dist/fonts/type1/public/amsfonts/cm/cmssi10.pfb></usr/local/texli
ve/2012/texmf-dist/fonts/type1/public/amsfonts/cm/cmsy10.pfb></usr/local/texliv
e/2012/texmf-dist/fonts/type1/public/amsfonts/cm/cmsy8.pfb></usr/local/texlive/
2012/texmf-dist/fonts/type1/public/amsfonts/cm/cmti12.pfb></usr/local/texlive/2
012/texmf-dist/fonts/type1/public/amsfonts/cm/cmtt10.pfb></usr/local/texlive/20
12/texmf-dist/fonts/type1/public/amsfonts/cm/cmtt12.pfb></usr/local/texlive/201
2/texmf-dist/fonts/type1/public/amsfonts/symbols/msbm10.pfb></usr/local/texlive
/2012/texmf-dist/fonts/type1/public/cm-super/sfsi1095.pfb></usr/local/texlive/2
012/texmf-dist/fonts/type1/public/cm-super/sfss1095.pfb>
Output written on informe.pdf (42 pages, 914521 bytes).
PDF statistics:
 1125 PDF objects out of 1200 (max. 8388607)
 1030 compressed objects within 11 object streams
 599 named destinations out of 1000 (max. 500000)
 334 words of extra memory for PDF output out of 10000 (max. 10000000)

