\BOOKMARK [1][-]{section.1}{Introducci\363n te\363rica}{}% 1
\BOOKMARK [2][-]{subsection.1.1}{Reconocimiento \363ptico de caracteres \(OCR\)}{section.1}% 2
\BOOKMARK [2][-]{subsection.1.2}{Matriz de covarianza}{section.1}% 3
\BOOKMARK [2][-]{subsection.1.3}{Descomposici\363n en valores singulares \(SVD\)}{section.1}% 4
\BOOKMARK [2][-]{subsection.1.4}{Introducci\363n al trabajo}{section.1}% 5
\BOOKMARK [1][-]{section.2}{Desarrollo}{}% 6
\BOOKMARK [2][-]{subsection.2.1}{Herramientas}{section.2}% 7
\BOOKMARK [2][-]{subsection.2.2}{Manejo de la complejidad del experimento}{section.2}% 8
\BOOKMARK [2][-]{subsection.2.3}{Matriz de Covarianza}{section.2}% 9
\BOOKMARK [2][-]{subsection.2.4}{Factorizaci\363n QR}{section.2}% 10
\BOOKMARK [2][-]{subsection.2.5}{C\341lculo de la Transformaci\363n Caracter\355stica}{section.2}% 11
\BOOKMARK [2][-]{subsection.2.6}{Reconocimiento de d\355gitos}{section.2}% 12
\BOOKMARK [1][-]{section.3}{Resultados}{}% 13
\BOOKMARK [2][-]{subsection.3.1}{Iteraciones del c\341lculo de autovectores}{section.3}% 14
\BOOKMARK [2][-]{subsection.3.2}{Promedio de Reconocimiento}{section.3}% 15
\BOOKMARK [2][-]{subsection.3.3}{Reconocimiento en funcion de iteraciones}{section.3}% 16
\BOOKMARK [2][-]{subsection.3.4}{Reconocimiento por d\355gito}{section.3}% 17
\BOOKMARK [1][-]{section.4}{Heatmap de reconocimiento por d\355gito}{}% 18
\BOOKMARK [1][-]{section.5}{Discusi\363n}{}% 19
\BOOKMARK [2][-]{subsection.5.1}{Tama\361o de los corpus de entrenamiento }{section.5}% 20
\BOOKMARK [2][-]{subsection.5.2}{Iteraciones del c\341lculo de autovectores}{section.5}% 21
\BOOKMARK [2][-]{subsection.5.3}{Clasificaci\363n de los metodos empleados}{section.5}% 22
\BOOKMARK [2][-]{subsection.5.4}{Detecci\363n por d\355gito}{section.5}% 23
\BOOKMARK [2][-]{subsection.5.5}{Cantidad de componentes principales a tomar para la comparaci\363n}{section.5}% 24
\BOOKMARK [1][-]{section.6}{Conclusiones}{}% 25
\BOOKMARK [2][-]{subsection.6.1}{Herramientas de desarrollo \341gil}{section.6}% 26
\BOOKMARK [2][-]{subsection.6.2}{Importancia de los autovectores}{section.6}% 27
\BOOKMARK [2][-]{subsection.6.3}{Mecanismo de reconocimiento}{section.6}% 28
\BOOKMARK [2][-]{subsection.6.4}{M\341s puntos de datos, no implican mejores respuestas}{section.6}% 29
\BOOKMARK [1][-]{section.7}{Referencias}{}% 30
\BOOKMARK [1][-]{section.8}{Apendices}{}% 31
